
*** src/convert.rs:52:5: replace encode -> String<E> with String::new()

*** mutation diff:
--- src/convert.rs
+++ replace encode -> String<E> with String::new()
@@ -44,42 +44,17 @@
 /// - `B` - Binary buffer capacity (must be ≥ 1 + payload.len() + 2)
 /// - `E` - Encoded output capacity (must be ≥ ceil(B * 8 / 5))
 ///
 /// # Panics
 ///
 /// Panics if the binary data exceeds `B` bytes or encoded output exceeds `E`
 /// bytes.
 pub fn encode<const B: usize, const E: usize>(ver: u8, payload: &[u8]) -> String<E> {
-    const {
-        assert!(
-            B >= 3,
-            "B must be at least 3 (1 version + 0 payload + 2 checksum)"
-        );
-        // E >= ceil(B * 8 / 5) is equivalent to E * 5 >= B * 8
-        assert!(
-            E * 5 >= B * 8,
-            "E must be at least ceil(B * 8 / 5) for base32 encoding"
-        );
-    }
-
-    // Build binary.
-    let mut d: Vec<u8, B> = Vec::new();
-    d.push(ver).unwrap();
-    d.extend_from_slice(payload).unwrap();
-    d.extend_from_slice(&checksum(&d)).unwrap();
-
-    // Encode as base32.
-    let mut encoded: Vec<u8, E> = Vec::new();
-    let encoded_len = data_encoding::BASE32_NOPAD.encode_len(d.len());
-    encoded.resize_default(encoded_len).unwrap();
-    data_encoding::BASE32_NOPAD.encode_mut(&d, &mut encoded);
-
-    // SAFETY: base32 encoding produces valid ASCII which is valid UTF-8
-    unsafe { String::from_utf8_unchecked(encoded) }
+    String::new() /* ~ changed by cargo-mutants ~ */
 }
 
 /// Decodes a base32 strkey string into a version byte and payload.
 ///
 /// The binary format is: `version (1 byte) || payload || checksum (2 bytes)`.
 ///
 /// # Generic Parameters
 ///


*** /Users/leighmcculloch/.rustup/toolchains/stable-aarch64-unknown-linux-gnu/bin/cargo test --no-run --verbose --package=stellar-strkey@0.0.15
       Fresh libc v0.2.178
       Fresh cfg-if v1.0.4
       Fresh unicode-ident v1.0.22
       Fresh itoa v1.0.15
       Fresh ryu v1.0.20
       Fresh memchr v2.7.6
       Fresh linux-raw-sys v0.11.0
       Fresh autocfg v1.5.0
       Fresh getrandom v0.3.4
       Fresh proc-macro2 v1.0.103
       Fresh serde_core v1.0.228
       Fresh bitflags v2.10.0
       Fresh fastrand v2.3.0
       Fresh once_cell v1.21.3
       Fresh byteorder v1.5.0
       Fresh wait-timeout v0.2.1
       Fresh quote v1.0.42
       Fresh serde v1.0.228
       Fresh serde_json v1.0.145
       Fresh rand_core v0.9.3
       Fresh zerocopy v0.8.31
       Fresh rustix v1.1.2
       Fresh hash32 v0.3.1
       Fresh quick-error v1.2.3
       Fresh stable_deref_trait v1.2.1
       Fresh syn v2.0.111
       Fresh tempfile v3.23.0
       Fresh ppv-lite86 v0.2.21
       Fresh fnv v1.0.7
       Fresh bit-vec v0.8.0
       Fresh num-traits v0.2.19
       Fresh heapless v0.8.0
       Fresh rand v0.9.2
       Fresh rand_xorshift v0.4.0
       Fresh lazy_static v1.5.0
       Fresh unarray v0.1.4
       Fresh serde_derive v1.0.228
       Fresh bit-set v0.8.0
       Fresh rusty-fork v0.3.1
       Fresh rand_chacha v0.9.0
       Fresh data-encoding v2.9.0
       Fresh regex-syntax v0.8.8
       Fresh serde_test v1.0.177
       Fresh crate-git-revision v0.0.6
       Fresh proptest v1.8.0
       Dirty stellar-strkey v0.0.15 (/tmp/cargo-mutants-rs-stellar-strkey-noalloc-InVdqJ.tmp): the file `/index` is missing
   Compiling stellar-strkey v0.0.15 (/tmp/cargo-mutants-rs-stellar-strkey-noalloc-InVdqJ.tmp)
     Running `/tmp/cargo-mutants-rs-stellar-strkey-noalloc-InVdqJ.tmp/target/debug/build/stellar-strkey-7eeb440ac350857c/build-script-build`
     Running `/Users/leighmcculloch/.rustup/toolchains/stable-aarch64-unknown-linux-gnu/bin/rustc --crate-name stellar_strkey --edition=2021 src/lib.rs --error-format=json --json=diagnostic-rendered-ansi,artifacts,future-incompat --crate-type lib --emit=dep-info,metadata,link -C embed-bitcode=no -C debuginfo=2 --cfg 'feature="default"' --check-cfg 'cfg(docsrs,test)' --check-cfg 'cfg(feature, values("cli", "default", "serde", "serde-decoded"))' -C metadata=5118e42c0f57517e -C extra-filename=-61edfdb3288b3b5e --out-dir /tmp/cargo-mutants-rs-stellar-strkey-noalloc-InVdqJ.tmp/target/debug/deps -C incremental=/tmp/cargo-mutants-rs-stellar-strkey-noalloc-InVdqJ.tmp/target/debug/incremental -L dependency=/tmp/cargo-mutants-rs-stellar-strkey-noalloc-InVdqJ.tmp/target/debug/deps --extern data_encoding=/tmp/cargo-mutants-rs-stellar-strkey-noalloc-InVdqJ.tmp/target/debug/deps/libdata_encoding-2105313bbaf8090b.rmeta --extern heapless=/tmp/cargo-mutants-rs-stellar-strkey-noalloc-InVdqJ.tmp/target/debug/deps/libheapless-ace7dc37e88ebbbe.rmeta`
     Running `/Users/leighmcculloch/.rustup/toolchains/stable-aarch64-unknown-linux-gnu/bin/rustc --crate-name stellar_strkey --edition=2021 src/lib.rs --error-format=json --json=diagnostic-rendered-ansi,artifacts,future-incompat --emit=dep-info,link -C embed-bitcode=no -C debuginfo=2 --test --cfg 'feature="default"' --check-cfg 'cfg(docsrs,test)' --check-cfg 'cfg(feature, values("cli", "default", "serde", "serde-decoded"))' -C metadata=1fdb956222ce4886 -C extra-filename=-b28c69b8deb9cca3 --out-dir /tmp/cargo-mutants-rs-stellar-strkey-noalloc-InVdqJ.tmp/target/debug/deps -C incremental=/tmp/cargo-mutants-rs-stellar-strkey-noalloc-InVdqJ.tmp/target/debug/incremental -L dependency=/tmp/cargo-mutants-rs-stellar-strkey-noalloc-InVdqJ.tmp/target/debug/deps --extern data_encoding=/tmp/cargo-mutants-rs-stellar-strkey-noalloc-InVdqJ.tmp/target/debug/deps/libdata_encoding-2105313bbaf8090b.rlib --extern heapless=/tmp/cargo-mutants-rs-stellar-strkey-noalloc-InVdqJ.tmp/target/debug/deps/libheapless-ace7dc37e88ebbbe.rlib --extern proptest=/tmp/cargo-mutants-rs-stellar-strkey-noalloc-InVdqJ.tmp/target/debug/deps/libproptest-029c739a67ce9a84.rlib --extern serde_test=/tmp/cargo-mutants-rs-stellar-strkey-noalloc-InVdqJ.tmp/target/debug/deps/libserde_test-1ab2fbb900abbf64.rlib`
warning: unused variable: `ver`
  --> src/convert.rs:51:47
   |
51 | pub fn encode<const B: usize, const E: usize>(ver: u8, payload: &[u8]) -> String<E> {
   |                                               ^^^ help: if this is intentional, prefix it with an underscore: `_ver`
   |
   = note: `#[warn(unused_variables)]` (part of `#[warn(unused)]`) on by default

warning: unused variable: `payload`
  --> src/convert.rs:51:56
   |
51 | pub fn encode<const B: usize, const E: usize>(ver: u8, payload: &[u8]) -> String<E> {
   |                                                        ^^^^^^^ help: if this is intentional, prefix it with an underscore: `_payload`

warning: `stellar-strkey` (lib) generated 2 warnings (run `cargo fix --lib -p stellar-strkey` to apply 2 suggestions)
     Running `/Users/leighmcculloch/.rustup/toolchains/stable-aarch64-unknown-linux-gnu/bin/rustc --crate-name tests --edition=2021 tests/tests.rs --error-format=json --json=diagnostic-rendered-ansi,artifacts,future-incompat --emit=dep-info,link -C embed-bitcode=no -C debuginfo=2 --test --cfg 'feature="default"' --check-cfg 'cfg(docsrs,test)' --check-cfg 'cfg(feature, values("cli", "default", "serde", "serde-decoded"))' -C metadata=985f3b009d7c3399 -C extra-filename=-630df354cea464da --out-dir /tmp/cargo-mutants-rs-stellar-strkey-noalloc-InVdqJ.tmp/target/debug/deps -C incremental=/tmp/cargo-mutants-rs-stellar-strkey-noalloc-InVdqJ.tmp/target/debug/incremental -L dependency=/tmp/cargo-mutants-rs-stellar-strkey-noalloc-InVdqJ.tmp/target/debug/deps --extern data_encoding=/tmp/cargo-mutants-rs-stellar-strkey-noalloc-InVdqJ.tmp/target/debug/deps/libdata_encoding-2105313bbaf8090b.rlib --extern heapless=/tmp/cargo-mutants-rs-stellar-strkey-noalloc-InVdqJ.tmp/target/debug/deps/libheapless-ace7dc37e88ebbbe.rlib --extern proptest=/tmp/cargo-mutants-rs-stellar-strkey-noalloc-InVdqJ.tmp/target/debug/deps/libproptest-029c739a67ce9a84.rlib --extern serde_test=/tmp/cargo-mutants-rs-stellar-strkey-noalloc-InVdqJ.tmp/target/debug/deps/libserde_test-1ab2fbb900abbf64.rlib --extern stellar_strkey=/tmp/cargo-mutants-rs-stellar-strkey-noalloc-InVdqJ.tmp/target/debug/deps/libstellar_strkey-61edfdb3288b3b5e.rlib`
     Running `/Users/leighmcculloch/.rustup/toolchains/stable-aarch64-unknown-linux-gnu/bin/rustc --crate-name display --edition=2021 tests/display.rs --error-format=json --json=diagnostic-rendered-ansi,artifacts,future-incompat --emit=dep-info,link -C embed-bitcode=no -C debuginfo=2 --test --cfg 'feature="default"' --check-cfg 'cfg(docsrs,test)' --check-cfg 'cfg(feature, values("cli", "default", "serde", "serde-decoded"))' -C metadata=4c49b9d172785660 -C extra-filename=-739c4bc9d6c7a85b --out-dir /tmp/cargo-mutants-rs-stellar-strkey-noalloc-InVdqJ.tmp/target/debug/deps -C incremental=/tmp/cargo-mutants-rs-stellar-strkey-noalloc-InVdqJ.tmp/target/debug/incremental -L dependency=/tmp/cargo-mutants-rs-stellar-strkey-noalloc-InVdqJ.tmp/target/debug/deps --extern data_encoding=/tmp/cargo-mutants-rs-stellar-strkey-noalloc-InVdqJ.tmp/target/debug/deps/libdata_encoding-2105313bbaf8090b.rlib --extern heapless=/tmp/cargo-mutants-rs-stellar-strkey-noalloc-InVdqJ.tmp/target/debug/deps/libheapless-ace7dc37e88ebbbe.rlib --extern proptest=/tmp/cargo-mutants-rs-stellar-strkey-noalloc-InVdqJ.tmp/target/debug/deps/libproptest-029c739a67ce9a84.rlib --extern serde_test=/tmp/cargo-mutants-rs-stellar-strkey-noalloc-InVdqJ.tmp/target/debug/deps/libserde_test-1ab2fbb900abbf64.rlib --extern stellar_strkey=/tmp/cargo-mutants-rs-stellar-strkey-noalloc-InVdqJ.tmp/target/debug/deps/libstellar_strkey-61edfdb3288b3b5e.rlib`
     Running `/Users/leighmcculloch/.rustup/toolchains/stable-aarch64-unknown-linux-gnu/bin/rustc --crate-name debug --edition=2021 tests/debug.rs --error-format=json --json=diagnostic-rendered-ansi,artifacts,future-incompat --emit=dep-info,link -C embed-bitcode=no -C debuginfo=2 --test --cfg 'feature="default"' --check-cfg 'cfg(docsrs,test)' --check-cfg 'cfg(feature, values("cli", "default", "serde", "serde-decoded"))' -C metadata=1d7d730a14bcddf9 -C extra-filename=-d8a68d117ac862bc --out-dir /tmp/cargo-mutants-rs-stellar-strkey-noalloc-InVdqJ.tmp/target/debug/deps -C incremental=/tmp/cargo-mutants-rs-stellar-strkey-noalloc-InVdqJ.tmp/target/debug/incremental -L dependency=/tmp/cargo-mutants-rs-stellar-strkey-noalloc-InVdqJ.tmp/target/debug/deps --extern data_encoding=/tmp/cargo-mutants-rs-stellar-strkey-noalloc-InVdqJ.tmp/target/debug/deps/libdata_encoding-2105313bbaf8090b.rlib --extern heapless=/tmp/cargo-mutants-rs-stellar-strkey-noalloc-InVdqJ.tmp/target/debug/deps/libheapless-ace7dc37e88ebbbe.rlib --extern proptest=/tmp/cargo-mutants-rs-stellar-strkey-noalloc-InVdqJ.tmp/target/debug/deps/libproptest-029c739a67ce9a84.rlib --extern serde_test=/tmp/cargo-mutants-rs-stellar-strkey-noalloc-InVdqJ.tmp/target/debug/deps/libserde_test-1ab2fbb900abbf64.rlib --extern stellar_strkey=/tmp/cargo-mutants-rs-stellar-strkey-noalloc-InVdqJ.tmp/target/debug/deps/libstellar_strkey-61edfdb3288b3b5e.rlib`
     Running `/Users/leighmcculloch/.rustup/toolchains/stable-aarch64-unknown-linux-gnu/bin/rustc --crate-name cli_json --edition=2021 tests/cli_json.rs --error-format=json --json=diagnostic-rendered-ansi,artifacts,future-incompat --emit=dep-info,link -C embed-bitcode=no -C debuginfo=2 --test --cfg 'feature="default"' --check-cfg 'cfg(docsrs,test)' --check-cfg 'cfg(feature, values("cli", "default", "serde", "serde-decoded"))' -C metadata=9cc2c5261dadff46 -C extra-filename=-0fd2ad2d2050ac1a --out-dir /tmp/cargo-mutants-rs-stellar-strkey-noalloc-InVdqJ.tmp/target/debug/deps -C incremental=/tmp/cargo-mutants-rs-stellar-strkey-noalloc-InVdqJ.tmp/target/debug/incremental -L dependency=/tmp/cargo-mutants-rs-stellar-strkey-noalloc-InVdqJ.tmp/target/debug/deps --extern data_encoding=/tmp/cargo-mutants-rs-stellar-strkey-noalloc-InVdqJ.tmp/target/debug/deps/libdata_encoding-2105313bbaf8090b.rlib --extern heapless=/tmp/cargo-mutants-rs-stellar-strkey-noalloc-InVdqJ.tmp/target/debug/deps/libheapless-ace7dc37e88ebbbe.rlib --extern proptest=/tmp/cargo-mutants-rs-stellar-strkey-noalloc-InVdqJ.tmp/target/debug/deps/libproptest-029c739a67ce9a84.rlib --extern serde_test=/tmp/cargo-mutants-rs-stellar-strkey-noalloc-InVdqJ.tmp/target/debug/deps/libserde_test-1ab2fbb900abbf64.rlib --extern stellar_strkey=/tmp/cargo-mutants-rs-stellar-strkey-noalloc-InVdqJ.tmp/target/debug/deps/libstellar_strkey-61edfdb3288b3b5e.rlib`
warning: `stellar-strkey` (lib test) generated 2 warnings (2 duplicates)
    Finished `test` profile [unoptimized + debuginfo] target(s) in 0.67s
  Executable `/tmp/cargo-mutants-rs-stellar-strkey-noalloc-InVdqJ.tmp/target/debug/deps/stellar_strkey-b28c69b8deb9cca3`
  Executable `/tmp/cargo-mutants-rs-stellar-strkey-noalloc-InVdqJ.tmp/target/debug/deps/cli_json-0fd2ad2d2050ac1a`
  Executable `/tmp/cargo-mutants-rs-stellar-strkey-noalloc-InVdqJ.tmp/target/debug/deps/debug-d8a68d117ac862bc`
  Executable `/tmp/cargo-mutants-rs-stellar-strkey-noalloc-InVdqJ.tmp/target/debug/deps/display-739c4bc9d6c7a85b`
  Executable `/tmp/cargo-mutants-rs-stellar-strkey-noalloc-InVdqJ.tmp/target/debug/deps/tests-630df354cea464da`

*** result: Success

*** /Users/leighmcculloch/.rustup/toolchains/stable-aarch64-unknown-linux-gnu/bin/cargo test --verbose --package=stellar-strkey@0.0.15
       Fresh libc v0.2.178
       Fresh unicode-ident v1.0.22
       Fresh cfg-if v1.0.4
       Fresh itoa v1.0.15
       Fresh memchr v2.7.6
       Fresh ryu v1.0.20
       Fresh linux-raw-sys v0.11.0
       Fresh autocfg v1.5.0
       Fresh serde_core v1.0.228
       Fresh getrandom v0.3.4
       Fresh proc-macro2 v1.0.103
       Fresh bitflags v2.10.0
       Fresh once_cell v1.21.3
       Fresh byteorder v1.5.0
       Fresh fastrand v2.3.0
       Fresh wait-timeout v0.2.1
       Fresh quote v1.0.42
       Fresh serde v1.0.228
       Fresh rand_core v0.9.3
       Fresh serde_json v1.0.145
       Fresh zerocopy v0.8.31
       Fresh rustix v1.1.2
       Fresh hash32 v0.3.1
       Fresh quick-error v1.2.3
       Fresh stable_deref_trait v1.2.1
       Fresh syn v2.0.111
       Fresh tempfile v3.23.0
       Fresh ppv-lite86 v0.2.21
       Fresh fnv v1.0.7
       Fresh bit-vec v0.8.0
       Fresh rand_xorshift v0.4.0
       Fresh heapless v0.8.0
       Fresh num-traits v0.2.19
       Fresh rand v0.9.2
       Fresh regex-syntax v0.8.8
       Fresh data-encoding v2.9.0
       Fresh serde_derive v1.0.228
       Fresh rusty-fork v0.3.1
       Fresh rand_chacha v0.9.0
       Fresh bit-set v0.8.0
       Fresh unarray v0.1.4
       Fresh lazy_static v1.5.0
       Fresh serde_test v1.0.177
       Fresh crate-git-revision v0.0.6
       Fresh proptest v1.8.0
       Dirty stellar-strkey v0.0.15 (/tmp/cargo-mutants-rs-stellar-strkey-noalloc-InVdqJ.tmp): the file `/index` is missing
   Compiling stellar-strkey v0.0.15 (/tmp/cargo-mutants-rs-stellar-strkey-noalloc-InVdqJ.tmp)
     Running `/tmp/cargo-mutants-rs-stellar-strkey-noalloc-InVdqJ.tmp/target/debug/build/stellar-strkey-7eeb440ac350857c/build-script-build`
     Running `/Users/leighmcculloch/.rustup/toolchains/stable-aarch64-unknown-linux-gnu/bin/rustc --crate-name stellar_strkey --edition=2021 src/lib.rs --error-format=json --json=diagnostic-rendered-ansi,artifacts,future-incompat --emit=dep-info,link -C embed-bitcode=no -C debuginfo=2 --test --cfg 'feature="default"' --check-cfg 'cfg(docsrs,test)' --check-cfg 'cfg(feature, values("cli", "default", "serde", "serde-decoded"))' -C metadata=1fdb956222ce4886 -C extra-filename=-b28c69b8deb9cca3 --out-dir /tmp/cargo-mutants-rs-stellar-strkey-noalloc-InVdqJ.tmp/target/debug/deps -C incremental=/tmp/cargo-mutants-rs-stellar-strkey-noalloc-InVdqJ.tmp/target/debug/incremental -L dependency=/tmp/cargo-mutants-rs-stellar-strkey-noalloc-InVdqJ.tmp/target/debug/deps --extern data_encoding=/tmp/cargo-mutants-rs-stellar-strkey-noalloc-InVdqJ.tmp/target/debug/deps/libdata_encoding-2105313bbaf8090b.rlib --extern heapless=/tmp/cargo-mutants-rs-stellar-strkey-noalloc-InVdqJ.tmp/target/debug/deps/libheapless-ace7dc37e88ebbbe.rlib --extern proptest=/tmp/cargo-mutants-rs-stellar-strkey-noalloc-InVdqJ.tmp/target/debug/deps/libproptest-029c739a67ce9a84.rlib --extern serde_test=/tmp/cargo-mutants-rs-stellar-strkey-noalloc-InVdqJ.tmp/target/debug/deps/libserde_test-1ab2fbb900abbf64.rlib`
     Running `/Users/leighmcculloch/.rustup/toolchains/stable-aarch64-unknown-linux-gnu/bin/rustc --crate-name stellar_strkey --edition=2021 src/lib.rs --error-format=json --json=diagnostic-rendered-ansi,artifacts,future-incompat --crate-type lib --emit=dep-info,metadata,link -C embed-bitcode=no -C debuginfo=2 --cfg 'feature="default"' --check-cfg 'cfg(docsrs,test)' --check-cfg 'cfg(feature, values("cli", "default", "serde", "serde-decoded"))' -C metadata=5118e42c0f57517e -C extra-filename=-61edfdb3288b3b5e --out-dir /tmp/cargo-mutants-rs-stellar-strkey-noalloc-InVdqJ.tmp/target/debug/deps -C incremental=/tmp/cargo-mutants-rs-stellar-strkey-noalloc-InVdqJ.tmp/target/debug/incremental -L dependency=/tmp/cargo-mutants-rs-stellar-strkey-noalloc-InVdqJ.tmp/target/debug/deps --extern data_encoding=/tmp/cargo-mutants-rs-stellar-strkey-noalloc-InVdqJ.tmp/target/debug/deps/libdata_encoding-2105313bbaf8090b.rmeta --extern heapless=/tmp/cargo-mutants-rs-stellar-strkey-noalloc-InVdqJ.tmp/target/debug/deps/libheapless-ace7dc37e88ebbbe.rmeta`
warning: unused variable: `ver`
  --> src/convert.rs:51:47
   |
51 | pub fn encode<const B: usize, const E: usize>(ver: u8, payload: &[u8]) -> String<E> {
   |                                               ^^^ help: if this is intentional, prefix it with an underscore: `_ver`
   |
   = note: `#[warn(unused_variables)]` (part of `#[warn(unused)]`) on by default

warning: unused variable: `payload`
  --> src/convert.rs:51:56
   |
51 | pub fn encode<const B: usize, const E: usize>(ver: u8, payload: &[u8]) -> String<E> {
   |                                                        ^^^^^^^ help: if this is intentional, prefix it with an underscore: `_payload`

warning: `stellar-strkey` (lib) generated 2 warnings (run `cargo fix --lib -p stellar-strkey` to apply 2 suggestions)
     Running `/Users/leighmcculloch/.rustup/toolchains/stable-aarch64-unknown-linux-gnu/bin/rustc --crate-name cli_json --edition=2021 tests/cli_json.rs --error-format=json --json=diagnostic-rendered-ansi,artifacts,future-incompat --emit=dep-info,link -C embed-bitcode=no -C debuginfo=2 --test --cfg 'feature="default"' --check-cfg 'cfg(docsrs,test)' --check-cfg 'cfg(feature, values("cli", "default", "serde", "serde-decoded"))' -C metadata=9cc2c5261dadff46 -C extra-filename=-0fd2ad2d2050ac1a --out-dir /tmp/cargo-mutants-rs-stellar-strkey-noalloc-InVdqJ.tmp/target/debug/deps -C incremental=/tmp/cargo-mutants-rs-stellar-strkey-noalloc-InVdqJ.tmp/target/debug/incremental -L dependency=/tmp/cargo-mutants-rs-stellar-strkey-noalloc-InVdqJ.tmp/target/debug/deps --extern data_encoding=/tmp/cargo-mutants-rs-stellar-strkey-noalloc-InVdqJ.tmp/target/debug/deps/libdata_encoding-2105313bbaf8090b.rlib --extern heapless=/tmp/cargo-mutants-rs-stellar-strkey-noalloc-InVdqJ.tmp/target/debug/deps/libheapless-ace7dc37e88ebbbe.rlib --extern proptest=/tmp/cargo-mutants-rs-stellar-strkey-noalloc-InVdqJ.tmp/target/debug/deps/libproptest-029c739a67ce9a84.rlib --extern serde_test=/tmp/cargo-mutants-rs-stellar-strkey-noalloc-InVdqJ.tmp/target/debug/deps/libserde_test-1ab2fbb900abbf64.rlib --extern stellar_strkey=/tmp/cargo-mutants-rs-stellar-strkey-noalloc-InVdqJ.tmp/target/debug/deps/libstellar_strkey-61edfdb3288b3b5e.rlib`
     Running `/Users/leighmcculloch/.rustup/toolchains/stable-aarch64-unknown-linux-gnu/bin/rustc --crate-name display --edition=2021 tests/display.rs --error-format=json --json=diagnostic-rendered-ansi,artifacts,future-incompat --emit=dep-info,link -C embed-bitcode=no -C debuginfo=2 --test --cfg 'feature="default"' --check-cfg 'cfg(docsrs,test)' --check-cfg 'cfg(feature, values("cli", "default", "serde", "serde-decoded"))' -C metadata=4c49b9d172785660 -C extra-filename=-739c4bc9d6c7a85b --out-dir /tmp/cargo-mutants-rs-stellar-strkey-noalloc-InVdqJ.tmp/target/debug/deps -C incremental=/tmp/cargo-mutants-rs-stellar-strkey-noalloc-InVdqJ.tmp/target/debug/incremental -L dependency=/tmp/cargo-mutants-rs-stellar-strkey-noalloc-InVdqJ.tmp/target/debug/deps --extern data_encoding=/tmp/cargo-mutants-rs-stellar-strkey-noalloc-InVdqJ.tmp/target/debug/deps/libdata_encoding-2105313bbaf8090b.rlib --extern heapless=/tmp/cargo-mutants-rs-stellar-strkey-noalloc-InVdqJ.tmp/target/debug/deps/libheapless-ace7dc37e88ebbbe.rlib --extern proptest=/tmp/cargo-mutants-rs-stellar-strkey-noalloc-InVdqJ.tmp/target/debug/deps/libproptest-029c739a67ce9a84.rlib --extern serde_test=/tmp/cargo-mutants-rs-stellar-strkey-noalloc-InVdqJ.tmp/target/debug/deps/libserde_test-1ab2fbb900abbf64.rlib --extern stellar_strkey=/tmp/cargo-mutants-rs-stellar-strkey-noalloc-InVdqJ.tmp/target/debug/deps/libstellar_strkey-61edfdb3288b3b5e.rlib`
     Running `/Users/leighmcculloch/.rustup/toolchains/stable-aarch64-unknown-linux-gnu/bin/rustc --crate-name tests --edition=2021 tests/tests.rs --error-format=json --json=diagnostic-rendered-ansi,artifacts,future-incompat --emit=dep-info,link -C embed-bitcode=no -C debuginfo=2 --test --cfg 'feature="default"' --check-cfg 'cfg(docsrs,test)' --check-cfg 'cfg(feature, values("cli", "default", "serde", "serde-decoded"))' -C metadata=985f3b009d7c3399 -C extra-filename=-630df354cea464da --out-dir /tmp/cargo-mutants-rs-stellar-strkey-noalloc-InVdqJ.tmp/target/debug/deps -C incremental=/tmp/cargo-mutants-rs-stellar-strkey-noalloc-InVdqJ.tmp/target/debug/incremental -L dependency=/tmp/cargo-mutants-rs-stellar-strkey-noalloc-InVdqJ.tmp/target/debug/deps --extern data_encoding=/tmp/cargo-mutants-rs-stellar-strkey-noalloc-InVdqJ.tmp/target/debug/deps/libdata_encoding-2105313bbaf8090b.rlib --extern heapless=/tmp/cargo-mutants-rs-stellar-strkey-noalloc-InVdqJ.tmp/target/debug/deps/libheapless-ace7dc37e88ebbbe.rlib --extern proptest=/tmp/cargo-mutants-rs-stellar-strkey-noalloc-InVdqJ.tmp/target/debug/deps/libproptest-029c739a67ce9a84.rlib --extern serde_test=/tmp/cargo-mutants-rs-stellar-strkey-noalloc-InVdqJ.tmp/target/debug/deps/libserde_test-1ab2fbb900abbf64.rlib --extern stellar_strkey=/tmp/cargo-mutants-rs-stellar-strkey-noalloc-InVdqJ.tmp/target/debug/deps/libstellar_strkey-61edfdb3288b3b5e.rlib`
     Running `/Users/leighmcculloch/.rustup/toolchains/stable-aarch64-unknown-linux-gnu/bin/rustc --crate-name debug --edition=2021 tests/debug.rs --error-format=json --json=diagnostic-rendered-ansi,artifacts,future-incompat --emit=dep-info,link -C embed-bitcode=no -C debuginfo=2 --test --cfg 'feature="default"' --check-cfg 'cfg(docsrs,test)' --check-cfg 'cfg(feature, values("cli", "default", "serde", "serde-decoded"))' -C metadata=1d7d730a14bcddf9 -C extra-filename=-d8a68d117ac862bc --out-dir /tmp/cargo-mutants-rs-stellar-strkey-noalloc-InVdqJ.tmp/target/debug/deps -C incremental=/tmp/cargo-mutants-rs-stellar-strkey-noalloc-InVdqJ.tmp/target/debug/incremental -L dependency=/tmp/cargo-mutants-rs-stellar-strkey-noalloc-InVdqJ.tmp/target/debug/deps --extern data_encoding=/tmp/cargo-mutants-rs-stellar-strkey-noalloc-InVdqJ.tmp/target/debug/deps/libdata_encoding-2105313bbaf8090b.rlib --extern heapless=/tmp/cargo-mutants-rs-stellar-strkey-noalloc-InVdqJ.tmp/target/debug/deps/libheapless-ace7dc37e88ebbbe.rlib --extern proptest=/tmp/cargo-mutants-rs-stellar-strkey-noalloc-InVdqJ.tmp/target/debug/deps/libproptest-029c739a67ce9a84.rlib --extern serde_test=/tmp/cargo-mutants-rs-stellar-strkey-noalloc-InVdqJ.tmp/target/debug/deps/libserde_test-1ab2fbb900abbf64.rlib --extern stellar_strkey=/tmp/cargo-mutants-rs-stellar-strkey-noalloc-InVdqJ.tmp/target/debug/deps/libstellar_strkey-61edfdb3288b3b5e.rlib`
warning: `stellar-strkey` (lib test) generated 2 warnings (2 duplicates)
    Finished `test` profile [unoptimized + debuginfo] target(s) in 0.57s
     Running `/tmp/cargo-mutants-rs-stellar-strkey-noalloc-InVdqJ.tmp/target/debug/deps/stellar_strkey-b28c69b8deb9cca3`

running 3 tests
test crc::tests::test_checksum ... ok
test convert::tests::test_encode_len_matches_data_encoding ... ok
test crc::tests::test_doesnt_panic ... ok

test result: ok. 3 passed; 0 failed; 0 ignored; 0 measured; 0 filtered out; finished in 0.01s

     Running `/tmp/cargo-mutants-rs-stellar-strkey-noalloc-InVdqJ.tmp/target/debug/deps/cli_json-0fd2ad2d2050ac1a`

running 0 tests

test result: ok. 0 passed; 0 failed; 0 ignored; 0 measured; 0 filtered out; finished in 0.00s

     Running `/tmp/cargo-mutants-rs-stellar-strkey-noalloc-InVdqJ.tmp/target/debug/deps/debug-d8a68d117ac862bc`

running 18 tests
test test_claimable_balance_debug ... ok
test test_contract_debug ... ok
test test_ed25519_muxed_account_debug ... ok
test test_ed25519_private_key_debug ... ok
test test_ed25519_signed_payload_debug ... ok
test test_ed25519_public_key_debug ... ok
test test_liquidity_pool_debug ... ok
test test_pre_auth_tx_debug ... ok
test test_strkey_claimable_balance_debug ... ok
test test_strkey_contract_debug ... ok
test test_strkey_ed25519_muxed_account_debug ... ok
test test_strkey_ed25519_private_key_debug ... ok
test test_strkey_ed25519_signed_payload_debug ... ok
test test_strkey_hash_x_debug ... ok
test test_strkey_liquidity_pool_debug ... ok
test test_strkey_pre_auth_tx_debug ... ok
test test_hash_x_debug ... ok
test test_strkey_ed25519_public_key_debug ... ok

test result: ok. 18 passed; 0 failed; 0 ignored; 0 measured; 0 filtered out; finished in 0.00s

     Running `/tmp/cargo-mutants-rs-stellar-strkey-noalloc-InVdqJ.tmp/target/debug/deps/display-739c4bc9d6c7a85b`

running 18 tests
test test_claimable_balance_display ... FAILED
test test_contract_display ... FAILED
test test_ed25519_public_key_display ... FAILED
test test_ed25519_muxed_account_display ... FAILED
test test_ed25519_private_key_display ... FAILED
test test_liquidity_pool_display ... FAILED
test test_hash_x_display ... FAILED
test test_pre_auth_tx_display ... FAILED
test test_ed25519_signed_payload_display ... FAILED
test test_strkey_contract_display ... FAILED
test test_strkey_claimable_balance_display ... FAILED
test test_strkey_ed25519_muxed_account_display ... FAILED
test test_strkey_ed25519_public_key_display ... FAILED
test test_strkey_ed25519_private_key_display ... FAILED
test test_strkey_ed25519_signed_payload_display ... FAILED
test test_strkey_hash_x_display ... FAILED
test test_strkey_liquidity_pool_display ... FAILED
test test_strkey_pre_auth_tx_display ... FAILED

failures:

---- test_claimable_balance_display stdout ----

thread 'test_claimable_balance_display' (384770) panicked at tests/display.rs:243:5:
assertion `left == right` failed
  left: ""
 right: "BAADMPVKHBTYIH522D2O3CGHPHSP4ZXFNISHBXEYYDWJYBZ5AXD3CA3GDE"

---- test_contract_display stdout ----

thread 'test_contract_display' (384771) panicked at tests/display.rs:217:5:
assertion `left == right` failed
  left: ""
 right: "CA3D5KRYM6CB7OWQ6TWYRR3Z4T7GNZLKERYNZGGA5SOAOPIFY6YQGAXE"
note: run with `RUST_BACKTRACE=1` environment variable to display a backtrace

---- test_ed25519_public_key_display stdout ----

thread 'test_ed25519_public_key_display' (384774) panicked at tests/display.rs:133:5:
assertion `left == right` failed
  left: ""
 right: "GA3D5KRYM6CB7OWQ6TWYRR3Z4T7GNZLKERYNZGGA5SOAOPIFY6YQHES5"

---- test_ed25519_muxed_account_display stdout ----

thread 'test_ed25519_muxed_account_display' (384772) panicked at tests/display.rs:162:5:
assertion `left == right` failed
  left: ""
 right: "MA3D5KRYM6CB7OWQ6TWYRR3Z4T7GNZLKERYNZGGA5SOAOPIFY6YQGAAAAAAAAAPCICBKU"

---- test_ed25519_private_key_display stdout ----

thread 'test_ed25519_private_key_display' (384773) panicked at tests/display.rs:146:5:
assertion `left == right` failed
  left: ""
 right: "SBU2RRGLXH3E5CQHTD3ODLDF2BWDCYUSSBLLZ5GNW7JXHDIYKXZWHOKR"

---- test_liquidity_pool_display stdout ----

thread 'test_liquidity_pool_display' (384777) panicked at tests/display.rs:230:5:
assertion `left == right` failed
  left: ""
 right: "LA3D5KRYM6CB7OWQ6TWYRR3Z4T7GNZLKERYNZGGA5SOAOPIFY6YQGZ5J"

---- test_hash_x_display stdout ----

thread 'test_hash_x_display' (384776) panicked at tests/display.rs:204:5:
assertion `left == right` failed
  left: ""
 right: "XBU2RRGLXH3E5CQHTD3ODLDF2BWDCYUSSBLLZ5GNW7JXHDIYKXZWGTOG"

---- test_pre_auth_tx_display stdout ----

thread 'test_pre_auth_tx_display' (384778) panicked at tests/display.rs:191:5:
assertion `left == right` failed
  left: ""
 right: "TBU2RRGLXH3E5CQHTD3ODLDF2BWDCYUSSBLLZ5GNW7JXHDIYKXZWHXL7"

---- test_ed25519_signed_payload_display stdout ----

thread 'test_ed25519_signed_payload_display' (384775) panicked at tests/display.rs:178:5:
assertion `left == right` failed
  left: ""
 right: "PA7QYNF7SOWQ3GLR2BGMZEHXAVIRZA4KVWLTJJFC7MGXUA74P7UJUAAAAACAAAAAABNWS"

---- test_strkey_contract_display stdout ----

thread 'test_strkey_contract_display' (384780) panicked at tests/display.rs:94:5:
assertion `left == right` failed
  left: ""
 right: "CA3D5KRYM6CB7OWQ6TWYRR3Z4T7GNZLKERYNZGGA5SOAOPIFY6YQGAXE"

---- test_strkey_claimable_balance_display stdout ----

thread 'test_strkey_claimable_balance_display' (384779) panicked at tests/display.rs:120:5:
assertion `left == right` failed
  left: ""
 right: "BAADMPVKHBTYIH522D2O3CGHPHSP4ZXFNISHBXEYYDWJYBZ5AXD3CA3GDE"

---- test_strkey_ed25519_muxed_account_display stdout ----

thread 'test_strkey_ed25519_muxed_account_display' (384781) panicked at tests/display.rs:65:5:
assertion `left == right` failed
  left: ""
 right: "MA3D5KRYM6CB7OWQ6TWYRR3Z4T7GNZLKERYNZGGA5SOAOPIFY6YQGAAAAAAAAAPCICBKU"

---- test_strkey_ed25519_public_key_display stdout ----

thread 'test_strkey_ed25519_public_key_display' (384783) panicked at tests/display.rs:10:5:
assertion `left == right` failed
  left: ""
 right: "GA3D5KRYM6CB7OWQ6TWYRR3Z4T7GNZLKERYNZGGA5SOAOPIFY6YQHES5"

---- test_strkey_ed25519_private_key_display stdout ----

thread 'test_strkey_ed25519_private_key_display' (384782) panicked at tests/display.rs:23:5:
assertion `left == right` failed
  left: ""
 right: "SBU2RRGLXH3E5CQHTD3ODLDF2BWDCYUSSBLLZ5GNW7JXHDIYKXZWHOKR"

---- test_strkey_ed25519_signed_payload_display stdout ----

thread 'test_strkey_ed25519_signed_payload_display' (384784) panicked at tests/display.rs:81:5:
assertion `left == right` failed
  left: ""
 right: "PA7QYNF7SOWQ3GLR2BGMZEHXAVIRZA4KVWLTJJFC7MGXUA74P7UJUAAAAACAAAAAABNWS"

---- test_strkey_hash_x_display stdout ----

thread 'test_strkey_hash_x_display' (384785) panicked at tests/display.rs:49:5:
assertion `left == right` failed
  left: ""
 right: "XBU2RRGLXH3E5CQHTD3ODLDF2BWDCYUSSBLLZ5GNW7JXHDIYKXZWGTOG"

---- test_strkey_liquidity_pool_display stdout ----

thread 'test_strkey_liquidity_pool_display' (384786) panicked at tests/display.rs:107:5:
assertion `left == right` failed
  left: ""
 right: "LA3D5KRYM6CB7OWQ6TWYRR3Z4T7GNZLKERYNZGGA5SOAOPIFY6YQGZ5J"

---- test_strkey_pre_auth_tx_display stdout ----

thread 'test_strkey_pre_auth_tx_display' (384787) panicked at tests/display.rs:36:5:
assertion `left == right` failed
  left: ""
 right: "TBU2RRGLXH3E5CQHTD3ODLDF2BWDCYUSSBLLZ5GNW7JXHDIYKXZWHXL7"


failures:
    test_claimable_balance_display
    test_contract_display
    test_ed25519_muxed_account_display
    test_ed25519_private_key_display
    test_ed25519_public_key_display
    test_ed25519_signed_payload_display
    test_hash_x_display
    test_liquidity_pool_display
    test_pre_auth_tx_display
    test_strkey_claimable_balance_display
    test_strkey_contract_display
    test_strkey_ed25519_muxed_account_display
    test_strkey_ed25519_private_key_display
    test_strkey_ed25519_public_key_display
    test_strkey_ed25519_signed_payload_display
    test_strkey_hash_x_display
    test_strkey_liquidity_pool_display
    test_strkey_pre_auth_tx_display

test result: FAILED. 0 passed; 18 failed; 0 ignored; 0 measured; 0 filtered out; finished in 0.00s

error: test failed, to rerun pass `-p stellar-strkey --test display`

*** result: Failure(101)
