
*** src/convert.rs:12:21: replace + with - in binary_len

*** mutation diff:
--- src/convert.rs
+++ replace + with - in binary_len
@@ -4,17 +4,17 @@
 use heapless::{String, Vec};
 
 use crate::{crc::checksum, error::DecodeError};
 
 /// Calculates the binary length for a given payload length.
 ///
 /// The formula is `1 (version) + payload_len + 2 (checksum)`.
 pub const fn binary_len(payload_len: usize) -> usize {
-    1 + payload_len + 2
+    1 + payload_len - /* ~ changed by cargo-mutants ~ */ 2
 }
 
 /// Calculates the base32 (no padding) encoded length for a given binary length.
 ///
 /// The formula is `ceil(binary_len * 8 / 5)`.
 pub const fn encode_len(binary_len: usize) -> usize {
     (binary_len * 8 + 4) / 5
 }


*** /Users/leighmcculloch/.rustup/toolchains/stable-aarch64-unknown-linux-gnu/bin/cargo test --no-run --verbose --package=stellar-strkey@0.0.15
       Fresh libc v0.2.178
       Fresh unicode-ident v1.0.22
       Fresh cfg-if v1.0.4
       Fresh itoa v1.0.15
       Fresh memchr v2.7.6
       Fresh ryu v1.0.20
       Fresh autocfg v1.5.0
       Fresh linux-raw-sys v0.11.0
       Fresh proc-macro2 v1.0.103
       Fresh getrandom v0.3.4
       Fresh serde_core v1.0.228
       Fresh bitflags v2.10.0
       Fresh once_cell v1.21.3
       Fresh fastrand v2.3.0
       Fresh byteorder v1.5.0
       Fresh wait-timeout v0.2.1
       Fresh quote v1.0.42
       Fresh serde v1.0.228
       Fresh serde_json v1.0.145
       Fresh rand_core v0.9.3
       Fresh zerocopy v0.8.31
       Fresh rustix v1.1.2
       Fresh hash32 v0.3.1
       Fresh quick-error v1.2.3
       Fresh stable_deref_trait v1.2.1
       Fresh syn v2.0.111
       Fresh tempfile v3.23.0
       Fresh ppv-lite86 v0.2.21
       Fresh fnv v1.0.7
       Fresh bit-vec v0.8.0
       Fresh heapless v0.8.0
       Fresh rand_xorshift v0.4.0
       Fresh num-traits v0.2.19
       Fresh rand v0.9.2
       Fresh unarray v0.1.4
       Fresh regex-syntax v0.8.8
       Fresh serde_derive v1.0.228
       Fresh bit-set v0.8.0
       Fresh rusty-fork v0.3.1
       Fresh rand_chacha v0.9.0
       Fresh data-encoding v2.9.0
       Fresh lazy_static v1.5.0
       Fresh serde_test v1.0.177
       Fresh crate-git-revision v0.0.6
       Fresh proptest v1.8.0
       Dirty stellar-strkey v0.0.15 (/tmp/cargo-mutants-rs-stellar-strkey-noalloc-71vrKT.tmp): the file `/index` is missing
   Compiling stellar-strkey v0.0.15 (/tmp/cargo-mutants-rs-stellar-strkey-noalloc-71vrKT.tmp)
     Running `/tmp/cargo-mutants-rs-stellar-strkey-noalloc-71vrKT.tmp/target/debug/build/stellar-strkey-7eeb440ac350857c/build-script-build`
     Running `/Users/leighmcculloch/.rustup/toolchains/stable-aarch64-unknown-linux-gnu/bin/rustc --crate-name stellar_strkey --edition=2021 src/lib.rs --error-format=json --json=diagnostic-rendered-ansi,artifacts,future-incompat --crate-type lib --emit=dep-info,metadata,link -C embed-bitcode=no -C debuginfo=2 --cfg 'feature="default"' --check-cfg 'cfg(docsrs,test)' --check-cfg 'cfg(feature, values("cli", "default", "serde", "serde-decoded"))' -C metadata=5118e42c0f57517e -C extra-filename=-61edfdb3288b3b5e --out-dir /tmp/cargo-mutants-rs-stellar-strkey-noalloc-71vrKT.tmp/target/debug/deps -C incremental=/tmp/cargo-mutants-rs-stellar-strkey-noalloc-71vrKT.tmp/target/debug/incremental -L dependency=/tmp/cargo-mutants-rs-stellar-strkey-noalloc-71vrKT.tmp/target/debug/deps --extern data_encoding=/tmp/cargo-mutants-rs-stellar-strkey-noalloc-71vrKT.tmp/target/debug/deps/libdata_encoding-2105313bbaf8090b.rmeta --extern heapless=/tmp/cargo-mutants-rs-stellar-strkey-noalloc-71vrKT.tmp/target/debug/deps/libheapless-ace7dc37e88ebbbe.rmeta`
     Running `/Users/leighmcculloch/.rustup/toolchains/stable-aarch64-unknown-linux-gnu/bin/rustc --crate-name stellar_strkey --edition=2021 src/lib.rs --error-format=json --json=diagnostic-rendered-ansi,artifacts,future-incompat --emit=dep-info,link -C embed-bitcode=no -C debuginfo=2 --test --cfg 'feature="default"' --check-cfg 'cfg(docsrs,test)' --check-cfg 'cfg(feature, values("cli", "default", "serde", "serde-decoded"))' -C metadata=1fdb956222ce4886 -C extra-filename=-b28c69b8deb9cca3 --out-dir /tmp/cargo-mutants-rs-stellar-strkey-noalloc-71vrKT.tmp/target/debug/deps -C incremental=/tmp/cargo-mutants-rs-stellar-strkey-noalloc-71vrKT.tmp/target/debug/incremental -L dependency=/tmp/cargo-mutants-rs-stellar-strkey-noalloc-71vrKT.tmp/target/debug/deps --extern data_encoding=/tmp/cargo-mutants-rs-stellar-strkey-noalloc-71vrKT.tmp/target/debug/deps/libdata_encoding-2105313bbaf8090b.rlib --extern heapless=/tmp/cargo-mutants-rs-stellar-strkey-noalloc-71vrKT.tmp/target/debug/deps/libheapless-ace7dc37e88ebbbe.rlib --extern proptest=/tmp/cargo-mutants-rs-stellar-strkey-noalloc-71vrKT.tmp/target/debug/deps/libproptest-029c739a67ce9a84.rlib --extern serde_test=/tmp/cargo-mutants-rs-stellar-strkey-noalloc-71vrKT.tmp/target/debug/deps/libserde_test-1ab2fbb900abbf64.rlib`
     Running `/Users/leighmcculloch/.rustup/toolchains/stable-aarch64-unknown-linux-gnu/bin/rustc --crate-name cli_json --edition=2021 tests/cli_json.rs --error-format=json --json=diagnostic-rendered-ansi,artifacts,future-incompat --emit=dep-info,link -C embed-bitcode=no -C debuginfo=2 --test --cfg 'feature="default"' --check-cfg 'cfg(docsrs,test)' --check-cfg 'cfg(feature, values("cli", "default", "serde", "serde-decoded"))' -C metadata=9cc2c5261dadff46 -C extra-filename=-0fd2ad2d2050ac1a --out-dir /tmp/cargo-mutants-rs-stellar-strkey-noalloc-71vrKT.tmp/target/debug/deps -C incremental=/tmp/cargo-mutants-rs-stellar-strkey-noalloc-71vrKT.tmp/target/debug/incremental -L dependency=/tmp/cargo-mutants-rs-stellar-strkey-noalloc-71vrKT.tmp/target/debug/deps --extern data_encoding=/tmp/cargo-mutants-rs-stellar-strkey-noalloc-71vrKT.tmp/target/debug/deps/libdata_encoding-2105313bbaf8090b.rlib --extern heapless=/tmp/cargo-mutants-rs-stellar-strkey-noalloc-71vrKT.tmp/target/debug/deps/libheapless-ace7dc37e88ebbbe.rlib --extern proptest=/tmp/cargo-mutants-rs-stellar-strkey-noalloc-71vrKT.tmp/target/debug/deps/libproptest-029c739a67ce9a84.rlib --extern serde_test=/tmp/cargo-mutants-rs-stellar-strkey-noalloc-71vrKT.tmp/target/debug/deps/libserde_test-1ab2fbb900abbf64.rlib --extern stellar_strkey=/tmp/cargo-mutants-rs-stellar-strkey-noalloc-71vrKT.tmp/target/debug/deps/libstellar_strkey-61edfdb3288b3b5e.rlib`
     Running `/Users/leighmcculloch/.rustup/toolchains/stable-aarch64-unknown-linux-gnu/bin/rustc --crate-name display --edition=2021 tests/display.rs --error-format=json --json=diagnostic-rendered-ansi,artifacts,future-incompat --emit=dep-info,link -C embed-bitcode=no -C debuginfo=2 --test --cfg 'feature="default"' --check-cfg 'cfg(docsrs,test)' --check-cfg 'cfg(feature, values("cli", "default", "serde", "serde-decoded"))' -C metadata=4c49b9d172785660 -C extra-filename=-739c4bc9d6c7a85b --out-dir /tmp/cargo-mutants-rs-stellar-strkey-noalloc-71vrKT.tmp/target/debug/deps -C incremental=/tmp/cargo-mutants-rs-stellar-strkey-noalloc-71vrKT.tmp/target/debug/incremental -L dependency=/tmp/cargo-mutants-rs-stellar-strkey-noalloc-71vrKT.tmp/target/debug/deps --extern data_encoding=/tmp/cargo-mutants-rs-stellar-strkey-noalloc-71vrKT.tmp/target/debug/deps/libdata_encoding-2105313bbaf8090b.rlib --extern heapless=/tmp/cargo-mutants-rs-stellar-strkey-noalloc-71vrKT.tmp/target/debug/deps/libheapless-ace7dc37e88ebbbe.rlib --extern proptest=/tmp/cargo-mutants-rs-stellar-strkey-noalloc-71vrKT.tmp/target/debug/deps/libproptest-029c739a67ce9a84.rlib --extern serde_test=/tmp/cargo-mutants-rs-stellar-strkey-noalloc-71vrKT.tmp/target/debug/deps/libserde_test-1ab2fbb900abbf64.rlib --extern stellar_strkey=/tmp/cargo-mutants-rs-stellar-strkey-noalloc-71vrKT.tmp/target/debug/deps/libstellar_strkey-61edfdb3288b3b5e.rlib`
     Running `/Users/leighmcculloch/.rustup/toolchains/stable-aarch64-unknown-linux-gnu/bin/rustc --crate-name debug --edition=2021 tests/debug.rs --error-format=json --json=diagnostic-rendered-ansi,artifacts,future-incompat --emit=dep-info,link -C embed-bitcode=no -C debuginfo=2 --test --cfg 'feature="default"' --check-cfg 'cfg(docsrs,test)' --check-cfg 'cfg(feature, values("cli", "default", "serde", "serde-decoded"))' -C metadata=1d7d730a14bcddf9 -C extra-filename=-d8a68d117ac862bc --out-dir /tmp/cargo-mutants-rs-stellar-strkey-noalloc-71vrKT.tmp/target/debug/deps -C incremental=/tmp/cargo-mutants-rs-stellar-strkey-noalloc-71vrKT.tmp/target/debug/incremental -L dependency=/tmp/cargo-mutants-rs-stellar-strkey-noalloc-71vrKT.tmp/target/debug/deps --extern data_encoding=/tmp/cargo-mutants-rs-stellar-strkey-noalloc-71vrKT.tmp/target/debug/deps/libdata_encoding-2105313bbaf8090b.rlib --extern heapless=/tmp/cargo-mutants-rs-stellar-strkey-noalloc-71vrKT.tmp/target/debug/deps/libheapless-ace7dc37e88ebbbe.rlib --extern proptest=/tmp/cargo-mutants-rs-stellar-strkey-noalloc-71vrKT.tmp/target/debug/deps/libproptest-029c739a67ce9a84.rlib --extern serde_test=/tmp/cargo-mutants-rs-stellar-strkey-noalloc-71vrKT.tmp/target/debug/deps/libserde_test-1ab2fbb900abbf64.rlib --extern stellar_strkey=/tmp/cargo-mutants-rs-stellar-strkey-noalloc-71vrKT.tmp/target/debug/deps/libstellar_strkey-61edfdb3288b3b5e.rlib`
     Running `/Users/leighmcculloch/.rustup/toolchains/stable-aarch64-unknown-linux-gnu/bin/rustc --crate-name tests --edition=2021 tests/tests.rs --error-format=json --json=diagnostic-rendered-ansi,artifacts,future-incompat --emit=dep-info,link -C embed-bitcode=no -C debuginfo=2 --test --cfg 'feature="default"' --check-cfg 'cfg(docsrs,test)' --check-cfg 'cfg(feature, values("cli", "default", "serde", "serde-decoded"))' -C metadata=985f3b009d7c3399 -C extra-filename=-630df354cea464da --out-dir /tmp/cargo-mutants-rs-stellar-strkey-noalloc-71vrKT.tmp/target/debug/deps -C incremental=/tmp/cargo-mutants-rs-stellar-strkey-noalloc-71vrKT.tmp/target/debug/incremental -L dependency=/tmp/cargo-mutants-rs-stellar-strkey-noalloc-71vrKT.tmp/target/debug/deps --extern data_encoding=/tmp/cargo-mutants-rs-stellar-strkey-noalloc-71vrKT.tmp/target/debug/deps/libdata_encoding-2105313bbaf8090b.rlib --extern heapless=/tmp/cargo-mutants-rs-stellar-strkey-noalloc-71vrKT.tmp/target/debug/deps/libheapless-ace7dc37e88ebbbe.rlib --extern proptest=/tmp/cargo-mutants-rs-stellar-strkey-noalloc-71vrKT.tmp/target/debug/deps/libproptest-029c739a67ce9a84.rlib --extern serde_test=/tmp/cargo-mutants-rs-stellar-strkey-noalloc-71vrKT.tmp/target/debug/deps/libserde_test-1ab2fbb900abbf64.rlib --extern stellar_strkey=/tmp/cargo-mutants-rs-stellar-strkey-noalloc-71vrKT.tmp/target/debug/deps/libstellar_strkey-61edfdb3288b3b5e.rlib`
    Finished `test` profile [unoptimized + debuginfo] target(s) in 0.70s
  Executable `/tmp/cargo-mutants-rs-stellar-strkey-noalloc-71vrKT.tmp/target/debug/deps/stellar_strkey-b28c69b8deb9cca3`
  Executable `/tmp/cargo-mutants-rs-stellar-strkey-noalloc-71vrKT.tmp/target/debug/deps/cli_json-0fd2ad2d2050ac1a`
  Executable `/tmp/cargo-mutants-rs-stellar-strkey-noalloc-71vrKT.tmp/target/debug/deps/debug-d8a68d117ac862bc`
  Executable `/tmp/cargo-mutants-rs-stellar-strkey-noalloc-71vrKT.tmp/target/debug/deps/display-739c4bc9d6c7a85b`
  Executable `/tmp/cargo-mutants-rs-stellar-strkey-noalloc-71vrKT.tmp/target/debug/deps/tests-630df354cea464da`

*** result: Success

*** /Users/leighmcculloch/.rustup/toolchains/stable-aarch64-unknown-linux-gnu/bin/cargo test --verbose --package=stellar-strkey@0.0.15
       Fresh libc v0.2.178
       Fresh unicode-ident v1.0.22
       Fresh cfg-if v1.0.4
       Fresh memchr v2.7.6
       Fresh ryu v1.0.20
       Fresh itoa v1.0.15
       Fresh linux-raw-sys v0.11.0
       Fresh bitflags v2.10.0
       Fresh proc-macro2 v1.0.103
       Fresh serde_core v1.0.228
       Fresh getrandom v0.3.4
       Fresh autocfg v1.5.0
       Fresh zerocopy v0.8.31
       Fresh fastrand v2.3.0
       Fresh byteorder v1.5.0
       Fresh once_cell v1.21.3
       Fresh wait-timeout v0.2.1
       Fresh quote v1.0.42
       Fresh serde v1.0.228
       Fresh serde_json v1.0.145
       Fresh rand_core v0.9.3
       Fresh rustix v1.1.2
       Fresh ppv-lite86 v0.2.21
       Fresh hash32 v0.3.1
       Fresh quick-error v1.2.3
       Fresh bit-vec v0.8.0
       Fresh syn v2.0.111
       Fresh tempfile v3.23.0
       Fresh stable_deref_trait v1.2.1
       Fresh fnv v1.0.7
       Fresh rand_chacha v0.9.0
       Fresh rand v0.9.2
       Fresh rand_xorshift v0.4.0
       Fresh bit-set v0.8.0
       Fresh unarray v0.1.4
       Fresh data-encoding v2.9.0
       Fresh serde_derive v1.0.228
       Fresh heapless v0.8.0
       Fresh rusty-fork v0.3.1
       Fresh num-traits v0.2.19
       Fresh lazy_static v1.5.0
       Fresh regex-syntax v0.8.8
       Fresh serde_test v1.0.177
       Fresh crate-git-revision v0.0.6
       Fresh proptest v1.8.0
       Dirty stellar-strkey v0.0.15 (/tmp/cargo-mutants-rs-stellar-strkey-noalloc-71vrKT.tmp): the file `/index` is missing
   Compiling stellar-strkey v0.0.15 (/tmp/cargo-mutants-rs-stellar-strkey-noalloc-71vrKT.tmp)
     Running `/tmp/cargo-mutants-rs-stellar-strkey-noalloc-71vrKT.tmp/target/debug/build/stellar-strkey-7eeb440ac350857c/build-script-build`
     Running `/Users/leighmcculloch/.rustup/toolchains/stable-aarch64-unknown-linux-gnu/bin/rustc --crate-name stellar_strkey --edition=2021 src/lib.rs --error-format=json --json=diagnostic-rendered-ansi,artifacts,future-incompat --emit=dep-info,link -C embed-bitcode=no -C debuginfo=2 --test --cfg 'feature="default"' --check-cfg 'cfg(docsrs,test)' --check-cfg 'cfg(feature, values("cli", "default", "serde", "serde-decoded"))' -C metadata=1fdb956222ce4886 -C extra-filename=-b28c69b8deb9cca3 --out-dir /tmp/cargo-mutants-rs-stellar-strkey-noalloc-71vrKT.tmp/target/debug/deps -C incremental=/tmp/cargo-mutants-rs-stellar-strkey-noalloc-71vrKT.tmp/target/debug/incremental -L dependency=/tmp/cargo-mutants-rs-stellar-strkey-noalloc-71vrKT.tmp/target/debug/deps --extern data_encoding=/tmp/cargo-mutants-rs-stellar-strkey-noalloc-71vrKT.tmp/target/debug/deps/libdata_encoding-2105313bbaf8090b.rlib --extern heapless=/tmp/cargo-mutants-rs-stellar-strkey-noalloc-71vrKT.tmp/target/debug/deps/libheapless-ace7dc37e88ebbbe.rlib --extern proptest=/tmp/cargo-mutants-rs-stellar-strkey-noalloc-71vrKT.tmp/target/debug/deps/libproptest-029c739a67ce9a84.rlib --extern serde_test=/tmp/cargo-mutants-rs-stellar-strkey-noalloc-71vrKT.tmp/target/debug/deps/libserde_test-1ab2fbb900abbf64.rlib`
     Running `/Users/leighmcculloch/.rustup/toolchains/stable-aarch64-unknown-linux-gnu/bin/rustc --crate-name stellar_strkey --edition=2021 src/lib.rs --error-format=json --json=diagnostic-rendered-ansi,artifacts,future-incompat --crate-type lib --emit=dep-info,metadata,link -C embed-bitcode=no -C debuginfo=2 --cfg 'feature="default"' --check-cfg 'cfg(docsrs,test)' --check-cfg 'cfg(feature, values("cli", "default", "serde", "serde-decoded"))' -C metadata=5118e42c0f57517e -C extra-filename=-61edfdb3288b3b5e --out-dir /tmp/cargo-mutants-rs-stellar-strkey-noalloc-71vrKT.tmp/target/debug/deps -C incremental=/tmp/cargo-mutants-rs-stellar-strkey-noalloc-71vrKT.tmp/target/debug/incremental -L dependency=/tmp/cargo-mutants-rs-stellar-strkey-noalloc-71vrKT.tmp/target/debug/deps --extern data_encoding=/tmp/cargo-mutants-rs-stellar-strkey-noalloc-71vrKT.tmp/target/debug/deps/libdata_encoding-2105313bbaf8090b.rmeta --extern heapless=/tmp/cargo-mutants-rs-stellar-strkey-noalloc-71vrKT.tmp/target/debug/deps/libheapless-ace7dc37e88ebbbe.rmeta`
     Running `/Users/leighmcculloch/.rustup/toolchains/stable-aarch64-unknown-linux-gnu/bin/rustc --crate-name debug --edition=2021 tests/debug.rs --error-format=json --json=diagnostic-rendered-ansi,artifacts,future-incompat --emit=dep-info,link -C embed-bitcode=no -C debuginfo=2 --test --cfg 'feature="default"' --check-cfg 'cfg(docsrs,test)' --check-cfg 'cfg(feature, values("cli", "default", "serde", "serde-decoded"))' -C metadata=1d7d730a14bcddf9 -C extra-filename=-d8a68d117ac862bc --out-dir /tmp/cargo-mutants-rs-stellar-strkey-noalloc-71vrKT.tmp/target/debug/deps -C incremental=/tmp/cargo-mutants-rs-stellar-strkey-noalloc-71vrKT.tmp/target/debug/incremental -L dependency=/tmp/cargo-mutants-rs-stellar-strkey-noalloc-71vrKT.tmp/target/debug/deps --extern data_encoding=/tmp/cargo-mutants-rs-stellar-strkey-noalloc-71vrKT.tmp/target/debug/deps/libdata_encoding-2105313bbaf8090b.rlib --extern heapless=/tmp/cargo-mutants-rs-stellar-strkey-noalloc-71vrKT.tmp/target/debug/deps/libheapless-ace7dc37e88ebbbe.rlib --extern proptest=/tmp/cargo-mutants-rs-stellar-strkey-noalloc-71vrKT.tmp/target/debug/deps/libproptest-029c739a67ce9a84.rlib --extern serde_test=/tmp/cargo-mutants-rs-stellar-strkey-noalloc-71vrKT.tmp/target/debug/deps/libserde_test-1ab2fbb900abbf64.rlib --extern stellar_strkey=/tmp/cargo-mutants-rs-stellar-strkey-noalloc-71vrKT.tmp/target/debug/deps/libstellar_strkey-61edfdb3288b3b5e.rlib`
     Running `/Users/leighmcculloch/.rustup/toolchains/stable-aarch64-unknown-linux-gnu/bin/rustc --crate-name cli_json --edition=2021 tests/cli_json.rs --error-format=json --json=diagnostic-rendered-ansi,artifacts,future-incompat --emit=dep-info,link -C embed-bitcode=no -C debuginfo=2 --test --cfg 'feature="default"' --check-cfg 'cfg(docsrs,test)' --check-cfg 'cfg(feature, values("cli", "default", "serde", "serde-decoded"))' -C metadata=9cc2c5261dadff46 -C extra-filename=-0fd2ad2d2050ac1a --out-dir /tmp/cargo-mutants-rs-stellar-strkey-noalloc-71vrKT.tmp/target/debug/deps -C incremental=/tmp/cargo-mutants-rs-stellar-strkey-noalloc-71vrKT.tmp/target/debug/incremental -L dependency=/tmp/cargo-mutants-rs-stellar-strkey-noalloc-71vrKT.tmp/target/debug/deps --extern data_encoding=/tmp/cargo-mutants-rs-stellar-strkey-noalloc-71vrKT.tmp/target/debug/deps/libdata_encoding-2105313bbaf8090b.rlib --extern heapless=/tmp/cargo-mutants-rs-stellar-strkey-noalloc-71vrKT.tmp/target/debug/deps/libheapless-ace7dc37e88ebbbe.rlib --extern proptest=/tmp/cargo-mutants-rs-stellar-strkey-noalloc-71vrKT.tmp/target/debug/deps/libproptest-029c739a67ce9a84.rlib --extern serde_test=/tmp/cargo-mutants-rs-stellar-strkey-noalloc-71vrKT.tmp/target/debug/deps/libserde_test-1ab2fbb900abbf64.rlib --extern stellar_strkey=/tmp/cargo-mutants-rs-stellar-strkey-noalloc-71vrKT.tmp/target/debug/deps/libstellar_strkey-61edfdb3288b3b5e.rlib`
     Running `/Users/leighmcculloch/.rustup/toolchains/stable-aarch64-unknown-linux-gnu/bin/rustc --crate-name display --edition=2021 tests/display.rs --error-format=json --json=diagnostic-rendered-ansi,artifacts,future-incompat --emit=dep-info,link -C embed-bitcode=no -C debuginfo=2 --test --cfg 'feature="default"' --check-cfg 'cfg(docsrs,test)' --check-cfg 'cfg(feature, values("cli", "default", "serde", "serde-decoded"))' -C metadata=4c49b9d172785660 -C extra-filename=-739c4bc9d6c7a85b --out-dir /tmp/cargo-mutants-rs-stellar-strkey-noalloc-71vrKT.tmp/target/debug/deps -C incremental=/tmp/cargo-mutants-rs-stellar-strkey-noalloc-71vrKT.tmp/target/debug/incremental -L dependency=/tmp/cargo-mutants-rs-stellar-strkey-noalloc-71vrKT.tmp/target/debug/deps --extern data_encoding=/tmp/cargo-mutants-rs-stellar-strkey-noalloc-71vrKT.tmp/target/debug/deps/libdata_encoding-2105313bbaf8090b.rlib --extern heapless=/tmp/cargo-mutants-rs-stellar-strkey-noalloc-71vrKT.tmp/target/debug/deps/libheapless-ace7dc37e88ebbbe.rlib --extern proptest=/tmp/cargo-mutants-rs-stellar-strkey-noalloc-71vrKT.tmp/target/debug/deps/libproptest-029c739a67ce9a84.rlib --extern serde_test=/tmp/cargo-mutants-rs-stellar-strkey-noalloc-71vrKT.tmp/target/debug/deps/libserde_test-1ab2fbb900abbf64.rlib --extern stellar_strkey=/tmp/cargo-mutants-rs-stellar-strkey-noalloc-71vrKT.tmp/target/debug/deps/libstellar_strkey-61edfdb3288b3b5e.rlib`
     Running `/Users/leighmcculloch/.rustup/toolchains/stable-aarch64-unknown-linux-gnu/bin/rustc --crate-name tests --edition=2021 tests/tests.rs --error-format=json --json=diagnostic-rendered-ansi,artifacts,future-incompat --emit=dep-info,link -C embed-bitcode=no -C debuginfo=2 --test --cfg 'feature="default"' --check-cfg 'cfg(docsrs,test)' --check-cfg 'cfg(feature, values("cli", "default", "serde", "serde-decoded"))' -C metadata=985f3b009d7c3399 -C extra-filename=-630df354cea464da --out-dir /tmp/cargo-mutants-rs-stellar-strkey-noalloc-71vrKT.tmp/target/debug/deps -C incremental=/tmp/cargo-mutants-rs-stellar-strkey-noalloc-71vrKT.tmp/target/debug/incremental -L dependency=/tmp/cargo-mutants-rs-stellar-strkey-noalloc-71vrKT.tmp/target/debug/deps --extern data_encoding=/tmp/cargo-mutants-rs-stellar-strkey-noalloc-71vrKT.tmp/target/debug/deps/libdata_encoding-2105313bbaf8090b.rlib --extern heapless=/tmp/cargo-mutants-rs-stellar-strkey-noalloc-71vrKT.tmp/target/debug/deps/libheapless-ace7dc37e88ebbbe.rlib --extern proptest=/tmp/cargo-mutants-rs-stellar-strkey-noalloc-71vrKT.tmp/target/debug/deps/libproptest-029c739a67ce9a84.rlib --extern serde_test=/tmp/cargo-mutants-rs-stellar-strkey-noalloc-71vrKT.tmp/target/debug/deps/libserde_test-1ab2fbb900abbf64.rlib --extern stellar_strkey=/tmp/cargo-mutants-rs-stellar-strkey-noalloc-71vrKT.tmp/target/debug/deps/libstellar_strkey-61edfdb3288b3b5e.rlib`
    Finished `test` profile [unoptimized + debuginfo] target(s) in 0.58s
     Running `/tmp/cargo-mutants-rs-stellar-strkey-noalloc-71vrKT.tmp/target/debug/deps/stellar_strkey-b28c69b8deb9cca3`

running 4 tests
test crc::tests::test_checksum ... ok
test convert::tests::test_encode_len_matches_data_encoding ... ok
test convert::tests::test_decode_minimum_length ... ok
test crc::tests::test_doesnt_panic ... ok

test result: ok. 4 passed; 0 failed; 0 ignored; 0 measured; 0 filtered out; finished in 0.01s

     Running `/tmp/cargo-mutants-rs-stellar-strkey-noalloc-71vrKT.tmp/target/debug/deps/cli_json-0fd2ad2d2050ac1a`

running 0 tests

test result: ok. 0 passed; 0 failed; 0 ignored; 0 measured; 0 filtered out; finished in 0.00s

     Running `/tmp/cargo-mutants-rs-stellar-strkey-noalloc-71vrKT.tmp/target/debug/deps/debug-d8a68d117ac862bc`

running 18 tests
test test_claimable_balance_debug ... ok
test test_ed25519_public_key_debug ... ok
test test_ed25519_signed_payload_debug ... ok
test test_ed25519_private_key_debug ... ok
test test_pre_auth_tx_debug ... ok
test test_liquidity_pool_debug ... ok
test test_contract_debug ... ok
test test_hash_x_debug ... ok
test test_ed25519_muxed_account_debug ... ok
test test_strkey_claimable_balance_debug ... ok
test test_strkey_contract_debug ... ok
test test_strkey_ed25519_muxed_account_debug ... ok
test test_strkey_ed25519_private_key_debug ... ok
test test_strkey_ed25519_public_key_debug ... ok
test test_strkey_ed25519_signed_payload_debug ... ok
test test_strkey_hash_x_debug ... ok
test test_strkey_liquidity_pool_debug ... ok
test test_strkey_pre_auth_tx_debug ... ok

test result: ok. 18 passed; 0 failed; 0 ignored; 0 measured; 0 filtered out; finished in 0.00s

     Running `/tmp/cargo-mutants-rs-stellar-strkey-noalloc-71vrKT.tmp/target/debug/deps/display-739c4bc9d6c7a85b`

running 18 tests
test test_ed25519_private_key_display ... FAILED
test test_claimable_balance_display ... FAILED
test test_ed25519_signed_payload_display ... ok
test test_contract_display ... FAILED
test test_ed25519_muxed_account_display ... FAILED
test test_hash_x_display ... FAILED
test test_ed25519_public_key_display ... FAILED
test test_strkey_claimable_balance_display ... FAILED
test test_strkey_contract_display ... FAILED
test test_strkey_ed25519_muxed_account_display ... FAILED
test test_strkey_ed25519_private_key_display ... FAILED
test test_strkey_ed25519_signed_payload_display ... ok
test test_strkey_ed25519_public_key_display ... FAILED
test test_pre_auth_tx_display ... FAILED
test test_liquidity_pool_display ... FAILED
test test_strkey_hash_x_display ... FAILED
test test_strkey_liquidity_pool_display ... FAILED
test test_strkey_pre_auth_tx_display ... FAILED

failures:

---- test_ed25519_private_key_display stdout ----

thread 'test_ed25519_private_key_display' (394218) panicked at src/convert.rs:67:34:
called `Result::unwrap()` on an `Err` value: ()

---- test_claimable_balance_display stdout ----

thread 'test_claimable_balance_display' (394215) panicked at src/convert.rs:67:34:
called `Result::unwrap()` on an `Err` value: ()
note: run with `RUST_BACKTRACE=1` environment variable to display a backtrace

---- test_contract_display stdout ----

thread 'test_contract_display' (394216) panicked at src/convert.rs:67:34:
called `Result::unwrap()` on an `Err` value: ()

---- test_ed25519_muxed_account_display stdout ----

thread 'test_ed25519_muxed_account_display' (394217) panicked at src/convert.rs:67:34:
called `Result::unwrap()` on an `Err` value: ()

---- test_hash_x_display stdout ----

thread 'test_hash_x_display' (394221) panicked at src/convert.rs:67:34:
called `Result::unwrap()` on an `Err` value: ()

---- test_ed25519_public_key_display stdout ----

thread 'test_ed25519_public_key_display' (394219) panicked at src/convert.rs:67:34:
called `Result::unwrap()` on an `Err` value: ()

---- test_strkey_claimable_balance_display stdout ----

thread 'test_strkey_claimable_balance_display' (394224) panicked at src/convert.rs:67:34:
called `Result::unwrap()` on an `Err` value: ()

---- test_strkey_contract_display stdout ----

thread 'test_strkey_contract_display' (394225) panicked at src/convert.rs:67:34:
called `Result::unwrap()` on an `Err` value: ()

---- test_strkey_ed25519_muxed_account_display stdout ----

thread 'test_strkey_ed25519_muxed_account_display' (394226) panicked at src/convert.rs:67:34:
called `Result::unwrap()` on an `Err` value: ()

---- test_strkey_ed25519_private_key_display stdout ----

thread 'test_strkey_ed25519_private_key_display' (394227) panicked at src/convert.rs:67:34:
called `Result::unwrap()` on an `Err` value: ()

---- test_strkey_ed25519_public_key_display stdout ----

thread 'test_strkey_ed25519_public_key_display' (394228) panicked at src/convert.rs:67:34:
called `Result::unwrap()` on an `Err` value: ()

---- test_pre_auth_tx_display stdout ----

thread 'test_pre_auth_tx_display' (394223) panicked at src/convert.rs:67:34:
called `Result::unwrap()` on an `Err` value: ()

---- test_liquidity_pool_display stdout ----

thread 'test_liquidity_pool_display' (394222) panicked at src/convert.rs:67:34:
called `Result::unwrap()` on an `Err` value: ()

---- test_strkey_hash_x_display stdout ----

thread 'test_strkey_hash_x_display' (394230) panicked at src/convert.rs:67:34:
called `Result::unwrap()` on an `Err` value: ()

---- test_strkey_liquidity_pool_display stdout ----

thread 'test_strkey_liquidity_pool_display' (394231) panicked at src/convert.rs:67:34:
called `Result::unwrap()` on an `Err` value: ()

---- test_strkey_pre_auth_tx_display stdout ----

thread 'test_strkey_pre_auth_tx_display' (394232) panicked at src/convert.rs:67:34:
called `Result::unwrap()` on an `Err` value: ()


failures:
    test_claimable_balance_display
    test_contract_display
    test_ed25519_muxed_account_display
    test_ed25519_private_key_display
    test_ed25519_public_key_display
    test_hash_x_display
    test_liquidity_pool_display
    test_pre_auth_tx_display
    test_strkey_claimable_balance_display
    test_strkey_contract_display
    test_strkey_ed25519_muxed_account_display
    test_strkey_ed25519_private_key_display
    test_strkey_ed25519_public_key_display
    test_strkey_hash_x_display
    test_strkey_liquidity_pool_display
    test_strkey_pre_auth_tx_display

test result: FAILED. 2 passed; 16 failed; 0 ignored; 0 measured; 0 filtered out; finished in 0.00s

error: test failed, to rerun pass `-p stellar-strkey --test display`

*** result: Failure(101)
